[1102/100550.737:ERROR:zip_reader.cc(153)] Cannot open ZIP from file handle 00000000000001F8
[1102/100550.737:ERROR:zip.cc(202)] Cannot open ZIP from file handle 00000000000001F8
[1102/100657.716:ERROR:zip_reader.cc(153)] Cannot open ZIP from file handle 00000000000001EC
[1102/100657.716:ERROR:zip.cc(202)] Cannot open ZIP from file handle 00000000000001EC
[1102/100702.447:ERROR:zip_reader.cc(153)] Cannot open ZIP from file handle 00000000000001F0
[1102/100702.447:ERROR:zip.cc(202)] Cannot open ZIP from file handle 00000000000001F0
[1102/100752.404:ERROR:zip_reader.cc(153)] Cannot open ZIP from file handle 000000000000021C
[1102/100752.404:ERROR:zip.cc(202)] Cannot open ZIP from file handle 000000000000021C
[1102/103711.470:ERROR:zip_reader.cc(153)] Cannot open ZIP from file handle 0000000000000200
[1102/103711.470:ERROR:zip.cc(202)] Cannot open ZIP from file handle 0000000000000200
[1108/121709.513:ERROR:zip_reader.cc(153)] Cannot open ZIP from file handle 00000000000001EC
[1108/121709.514:ERROR:zip.cc(202)] Cannot open ZIP from file handle 00000000000001EC
[1108/121748.619:ERROR:zip_reader.cc(153)] Cannot open ZIP from file handle 00000000000001E4
[1108/121748.619:ERROR:zip.cc(202)] Cannot open ZIP from file handle 00000000000001E4
[1108/121759.369:ERROR:zip_reader.cc(153)] Cannot open ZIP from file handle 00000000000001EC
[1108/121759.369:ERROR:zip.cc(202)] Cannot open ZIP from file handle 00000000000001EC
[1108/133944.396:ERROR:zip_reader.cc(153)] Cannot open ZIP from file handle 00000000000001EC
[1108/133944.396:ERROR:zip.cc(202)] Cannot open ZIP from file handle 00000000000001EC
[1111/140252.569:ERROR:zip_reader.cc(153)] Cannot open ZIP from file handle 0000000000000204
[1111/140252.570:ERROR:zip.cc(202)] Cannot open ZIP from file handle 0000000000000204
[1213/153622.894:ERROR:zip_reader.cc(153)] Cannot open ZIP from file handle 0000000000000208
[1213/153622.895:ERROR:zip.cc(202)] Cannot open ZIP from file handle 0000000000000208
[0110/141402.519:ERROR:zip_reader.cc(153)] Cannot open ZIP from file handle 00000000000001EC
[0110/141402.520:ERROR:zip.cc(202)] Cannot open ZIP from file handle 00000000000001EC
[0131/102904.286:ERROR:zip_reader.cc(153)] Cannot open ZIP from file handle 000000000000021C
[0131/102904.286:ERROR:zip.cc(202)] Cannot open ZIP from file handle 000000000000021C
[0216/122318.376:ERROR:zip_reader.cc(153)] Cannot open ZIP from file handle 00000000000001EC
[0216/122318.376:ERROR:zip.cc(202)] Cannot open ZIP from file handle 00000000000001EC
[0530/093549.211:ERROR:zip_reader.cc(153)] Cannot open ZIP from file handle 0000000000000234
[0530/093549.211:ERROR:zip.cc(202)] Cannot open ZIP from file handle 0000000000000234
[0530/151102.533:ERROR:zip_reader.cc(153)] Cannot open ZIP from file handle 00000000000001EC
[0530/151102.534:ERROR:zip.cc(202)] Cannot open ZIP from file handle 00000000000001EC
[0530/151105.117:ERROR:zip_reader.cc(153)] Cannot open ZIP from file handle 0000000000000204
[0530/151105.117:ERROR:zip.cc(202)] Cannot open ZIP from file handle 0000000000000204
